<?xml version="1.0" encoding="UTF-8"?>
<beans xmlns="http://www.springframework.org/schema/beans"
       xmlns:xsi="http://www.w3.org/2001/XMLSchema-instance"
       xmlns:context="http://www.springframework.org/schema/context"
       xsi:schemaLocation="
       http://www.springframework.org/schema/beans http://www.springframework.org/schema/beans/spring-beans.xsd
       http://www.springframework.org/schema/context http://www.springframework.org/schema/context/spring-context.xsd">

    <import resource="classpath:spring/application-context.xml"/>

    <context:property-placeholder
            location="classpath:haku.properties"
            ignore-resource-not-found="true"/>

    <bean id="db" class="fi.vm.sade.oppija.haku.dao.TestDBFactoryBean">
        <property name="mongo" ref="mongo"/>
        <property name="name" value="${mongo.test-db.name}"/>
    </bean>

</beans>
