<?xml version="1.0" encoding="UTF-8"?>
<beans xmlns="http://www.springframework.org/schema/beans"
       xmlns:xsi="http://www.w3.org/2001/XMLSchema-instance"
       xmlns:context="http://www.springframework.org/schema/context"
       xmlns:util="http://www.springframework.org/schema/util"
       xsi:schemaLocation="
       http://www.springframework.org/schema/beans http://www.springframework.org/schema/beans/spring-beans.xsd
       http://www.springframework.org/schema/context http://www.springframework.org/schema/context/spring-context.xsd
       http://www.springframework.org/schema/util http://www.springframework.org/schema/util/spring-util.xsd">

    <import resource="classpath:spring/application-context.xml"/>

    <!-- Override session scoped UserHolder with a mock implementation -->
    <bean id="userHolder" class="fi.vm.sade.oppija.haku.service.mock.UserHolderMock">
        <constructor-arg type="java.lang.String" value="test"/>
    </bean>

    <bean id="db" class="fi.vm.sade.oppija.haku.dao.TestDBFactoryBean">
        <property name="mongo" ref="mongo"/>
        <property name="name" value="${mongo.test-db.name}"/>
    </bean>

</beans>
