<?xml version="1.0" encoding="UTF-8"?>
<!--
  ~ Copyright (c) 2012 The Finnish Board of Education - Opetushallitus
  ~
  ~ This program is free software:  Licensed under the EUPL, Version 1.1 or - as
  ~ soon as they will be approved by the European Commission - subsequent versions
  ~ of the EUPL (the "Licence");
  ~
  ~ You may not use this work except in compliance with the Licence.
  ~ You may obtain a copy of the Licence at: http://www.osor.eu/eupl/
  ~
  ~ This program is distributed in the hope that it will be useful,
  ~ but WITHOUT ANY WARRANTY; without even the implied warranty of
  ~ MERCHANTABILITY or FITNESS FOR A PARTICULAR PURPOSE.  See the
  ~ European Union Public Licence for more details.
  -->
<beans xmlns="http://www.springframework.org/schema/beans"
       xmlns:xsi="http://www.w3.org/2001/XMLSchema-instance"
       xmlns:context="http://www.springframework.org/schema/context"
       xsi:schemaLocation="http://www.springframework.org/schema/beans
        http://www.springframework.org/schema/beans/spring-beans-3.0.xsd
        http://www.springframework.org/schema/context
        http://www.springframework.org/schema/context/spring-context.xsd">

    <import resource="classpath:spring/application-context.xml"/>

    <context:property-placeholder location="classpath:haku.properties, classpath:haku-test.properties"
                                  ignore-resource-not-found="true"/>

</beans>
