<?xml version="1.0" encoding="UTF-8"?>
<!--
  ~ Copyright (c) 2012 The Finnish Board of Education - Opetushallitus
  ~
  ~ This program is free software:  Licensed under the EUPL, Version 1.1 or - as
  ~ soon as they will be approved by the European Commission - subsequent versions
  ~ of the EUPL (the "Licence");
  ~
  ~ You may not use this work except in compliance with the Licence.
  ~ You may obtain a copy of the Licence at: http://www.osor.eu/eupl/
  ~
  ~ This program is distributed in the hope that it will be useful,
  ~ but WITHOUT ANY WARRANTY; without even the implied warranty of
  ~ MERCHANTABILITY or FITNESS FOR A PARTICULAR PURPOSE.  See the
  ~ European Union Public Licence for more details.
  -->

<beans xmlns="http://www.springframework.org/schema/beans"
       xmlns:xsi="http://www.w3.org/2001/XMLSchema-instance"
       xsi:schemaLocation="
       http://www.springframework.org/schema/beans http://www.springframework.org/schema/beans/spring-beans.xsd">

    <import resource="classpath:spring/application-context.xml"/>

    <!-- Override session scoped UserHolder with a mock implementation -->
    <bean id="userHolder" class="fi.vm.sade.oppija.lomake.service.mock.UserHolderMock">
        <constructor-arg type="java.lang.String" value="test"/>
    </bean>

    <bean id="db" class="fi.vm.sade.oppija.lomake.dao.TestDBFactoryBean">
        <property name="mongo" ref="mongo"/>
        <property name="name" value="${mongo.test-db.name}"/>
    </bean>

    <bean id="searchResourceMock" class="fi.vm.sade.oppija.koulutusinformaatio.resource.SearchResourceMock">

    </bean>
</beans>
